{
    "code": "ENOTFOUND",
    "errno": -3008,
    "hostname": "curstots_user",
    "level": "error",
    "message": "Error during dataSource initialization getaddrinfo ENOTFOUND curstots_user",
    "stack": "Error: getaddrinfo ENOTFOUND curstots_user\n    at GetAddrInfoReqWrap.onlookup [as oncomplete] (node:dns:71:26)",
    "syscall": "getaddrinfo"
}
{
    "code": "ENOTFOUND",
    "errno": -3008,
    "hostname": "curstots_user",
    "level": "error",
    "message": "Error during dataSource initialization -  getaddrinfo ENOTFOUND curstots_user",
    "stack": "Error: getaddrinfo ENOTFOUND curstots_user\n    at GetAddrInfoReqWrap.onlookup [as oncomplete] (node:dns:71:26)",
    "syscall": "getaddrinfo"
}
{
    "code": "ENOTFOUND",
    "errno": -3008,
    "hostname": "dpg-ced6r4kgqg45ht8ef0ig-a",
    "level": "error",
    "message": "Error during dataSource initialization -  getaddrinfo ENOTFOUND dpg-ced6r4kgqg45ht8ef0ig-a",
    "stack": "Error: getaddrinfo ENOTFOUND dpg-ced6r4kgqg45ht8ef0ig-a\n    at GetAddrInfoReqWrap.onlookup [as oncomplete] (node:dns:71:26)",
    "syscall": "getaddrinfo"
}
{
    "code": "ENOTFOUND",
    "errno": -3008,
    "hostname": "dpg-ced6r4kgqg45ht8ef0ig-a",
    "level": "error",
    "message": "Error during dataSource initialization -  getaddrinfo ENOTFOUND dpg-ced6r4kgqg45ht8ef0ig-a",
    "stack": "Error: getaddrinfo ENOTFOUND dpg-ced6r4kgqg45ht8ef0ig-a\n    at GetAddrInfoReqWrap.onlookup [as oncomplete] (node:dns:71:26)",
    "syscall": "getaddrinfo"
}
